<?xml version="1.0" encoding="UTF-8"?>
<!-- Generated by org.testng.reporters.JUnitReportReporter -->
<testsuite skipped="1" hostname="LAPTOP-R9GCIVMV" name="testNgProjects.dependMethods" tests="5" failures="0" timestamp="22 Sep 2022 15:36:36 GMT" time="0.014" errors="0">
  <testcase name="test3" time="0.008" classname="testNgProjects.dependMethods"/>
  <testcase name="test4" time="0.001" classname="testNgProjects.dependMethods"/>
  <testcase name="test1" time="0.002" classname="testNgProjects.dependMethods">
    <skipped/>
  </testcase> <!-- test1 -->
  <testcase name="test5" time="0.002" classname="testNgProjects.dependMethods"/>
  <testcase name="test2" time="0.001" classname="testNgProjects.dependMethods"/>
</testsuite> <!-- testNgProjects.dependMethods -->
