<?xml version="1.0" encoding="UTF-8"?>
<!-- Generated by org.testng.reporters.JUnitReportReporter -->
<testsuite skipped="0" hostname="LAPTOP-R9GCIVMV" name="parctDDT.practiceDDT" tests="1" failures="0" timestamp="24 Sep 2022 01:48:19 GMT" time="15.546" errors="0">
  <testcase name="getData" time="15.546" classname="parctDDT.practiceDDT"/>
</testsuite> <!-- parctDDT.practiceDDT -->
