<?xml version="1.0" encoding="UTF-8"?>
<!-- Generated by org.testng.reporters.JUnitReportReporter -->
<testsuite skipped="0" hostname="LAPTOP-R9GCIVMV" name="JavaScript.vitigerLogin" tests="1" failures="0" timestamp="26 Sep 2022 11:25:00 GMT" time="2.971" errors="0">
  <testcase name="testCase" time="2.971" classname="JavaScript.vitigerLogin"/>
</testsuite> <!-- JavaScript.vitigerLogin -->
