<?xml version="1.0" encoding="UTF-8"?>
<!-- Generated by org.testng.reporters.JUnitReportReporter -->
<testsuite skipped="0" hostname="LAPTOP-R9GCIVMV" name="vTigerPOM.vTigerHmpage" tests="5" failures="0" timestamp="24 Sep 2022 19:38:42 GMT" time="19.678" errors="0">
  <testcase name="login" time="7.116" classname="vTigerPOM.vTigerHmpage"/>
  <testcase name="lead" time="2.401" classname="vTigerPOM.vTigerHmpage"/>
  <testcase name="leadDelete" time="2.841" classname="vTigerPOM.vTigerHmpage"/>
  <testcase name="contactCreation" time="5.418" classname="vTigerPOM.vTigerHmpage"/>
  <testcase name="contactDelete" time="1.902" classname="vTigerPOM.vTigerHmpage"/>
</testsuite> <!-- vTigerPOM.vTigerHmpage -->
