<?xml version="1.0" encoding="UTF-8"?>
<!-- Generated by org.testng.reporters.JUnitReportReporter -->
<testsuite skipped="0" hostname="LAPTOP-R9GCIVMV" name="parctDDT.actitimeDDT" tests="1" failures="0" timestamp="24 Sep 2022 01:48:19 GMT" time="10.516" errors="0">
  <testcase name="actitimeLogin" time="10.516" classname="parctDDT.actitimeDDT"/>
</testsuite> <!-- parctDDT.actitimeDDT -->
