<?xml version="1.0" encoding="UTF-8"?>
<!-- Generated by org.testng.reporters.JUnitReportReporter -->
<testsuite skipped="0" hostname="LAPTOP-R9GCIVMV" name="parctDDT.readingFile2" tests="1" failures="0" timestamp="24 Sep 2022 01:48:19 GMT" time="0.303" errors="0">
  <testcase name="readCell" time="0.303" classname="parctDDT.readingFile2"/>
</testsuite> <!-- parctDDT.readingFile2 -->
