<?xml version="1.0" encoding="UTF-8"?>
<!-- Generated by org.testng.reporters.JUnitReportReporter -->
<testsuite skipped="0" hostname="LAPTOP-R9GCIVMV" name="parctDDT.readingCellUsingforloop" tests="1" failures="0" timestamp="21 Sep 2022 15:06:51 GMT" time="0.346" errors="0">
  <testcase name="cellforLoop" time="0.346" classname="parctDDT.readingCellUsingforloop"/>
</testsuite> <!-- parctDDT.readingCellUsingforloop -->
