<?xml version="1.0" encoding="UTF-8"?>
<!-- Generated by org.testng.reporters.JUnitReportReporter -->
<testsuite skipped="0" hostname="LAPTOP-R9GCIVMV" name="TestRunner.run" tests="1" failures="0" timestamp="29 Sep 2022 03:37:39 GMT" time="25.323" errors="0">
  <testcase name="runScenario" time="25.323" classname="TestRunner.run"/>
</testsuite> <!-- TestRunner.run -->
