<?xml version="1.0" encoding="UTF-8"?>
<!-- Generated by org.testng.reporters.JUnitReportReporter -->
<testsuite skipped="0" hostname="LAPTOP-R9GCIVMV" name="parctDDT.readingFile" tests="1" failures="0" timestamp="28 Sep 2022 16:25:58 GMT" time="0.094" errors="0">
  <testcase name="readsheetDet" time="0.094" classname="parctDDT.readingFile"/>
</testsuite> <!-- parctDDT.readingFile -->
