<?xml version="1.0" encoding="UTF-8"?>
<!-- Generated by org.testng.reporters.JUnitReportReporter -->
<testsuite skipped="0" hostname="LAPTOP-R9GCIVMV" name="parctDDT.practiceDDT" tests="1" failures="0" timestamp="28 Sep 2022 16:25:58 GMT" time="5.445" errors="0">
  <testcase name="getData" time="5.445" classname="parctDDT.practiceDDT"/>
</testsuite> <!-- parctDDT.practiceDDT -->
