<?xml version="1.0" encoding="UTF-8"?>
<!-- Generated by org.testng.reporters.JUnitReportReporter -->
<testsuite skipped="0" hostname="LAPTOP-R9GCIVMV" name="testNgPackage.example1" tests="1" failures="0" timestamp="2022-09-10T14:02:52 IST" time="0.001" errors="0">
  <testcase name="testCase1" time="0.001" classname="testNgPackage.example1"/>
  <system-out/>
</testsuite> <!-- testNgPackage.example1 -->
