<?xml version="1.0" encoding="UTF-8"?>
<!-- Generated by org.testng.reporters.JUnitReportReporter -->
<testsuite skipped="0" hostname="LAPTOP-R9GCIVMV" name="assertMeth.bATest" tests="2" failures="0" timestamp="2022-09-12T07:54:49 IST" time="3.374" errors="0">
  <testcase name="newsTab" time="3.308" classname="assertMeth.bATest"/>
  <system-out/>
  <testcase name="headerSub" time="0.066" classname="assertMeth.bATest"/>
  <system-out/>
</testsuite> <!-- assertMeth.bATest -->
