<?xml version="1.0" encoding="UTF-8"?>
<!-- Generated by org.testng.reporters.JUnitReportReporter -->
<testsuite skipped="2" hostname="LAPTOP-R9GCIVMV" name="testNgPackage.enabled" tests="4" failures="0" timestamp="2022-09-10T14:02:52 IST" time="0.001" errors="0">
  <testcase name="openBrowserAndAppURL" time="0.001" classname="testNgPackage.enabled"/>
  <system-out/>
  <testcase name="createTask" time="0.000" classname="testNgPackage.enabled"/>
  <system-out/>
  <testcase name="logoutClose" classname="testNgPackage.enabled">
    <skipped/>
  </testcase> <!-- logoutClose -->
  <system-out/>
  <testcase name="login" classname="testNgPackage.enabled">
    <skipped/>
  </testcase> <!-- login -->
  <system-out/>
</testsuite> <!-- testNgPackage.enabled -->
