<?xml version="1.0" encoding="UTF-8"?>
<!-- Generated by org.testng.reporters.JUnitReportReporter -->
<testsuite skipped="0" hostname="LAPTOP-R9GCIVMV" name="testNgPackage.priority" tests="4" failures="0" timestamp="2022-09-10T14:02:52 IST" time="0.003" errors="0">
  <testcase name="openBrowserAndAppURL" time="0.000" classname="testNgPackage.priority"/>
  <system-out/>
  <testcase name="login" time="0.001" classname="testNgPackage.priority"/>
  <system-out/>
  <testcase name="createTask" time="0.001" classname="testNgPackage.priority"/>
  <system-out/>
  <testcase name="logoutClose" time="0.001" classname="testNgPackage.priority"/>
  <system-out/>
</testsuite> <!-- testNgPackage.priority -->
