<?xml version="1.0" encoding="UTF-8"?>
<!-- Generated by org.testng.reporters.JUnitReportReporter -->
<testsuite skipped="0" hostname="LAPTOP-R9GCIVMV" name="testNgPackage.params_Dataprovider" tests="3" failures="0" timestamp="2022-09-14T16:57:16 IST" time="0.007" errors="0">
  <testcase name="inserting_data" time="0.001" classname="testNgPackage.params_Dataprovider"/>
  <system-out/>
  <testcase name="inserting_data" time="0.005" classname="testNgPackage.params_Dataprovider"/>
  <system-out/>
  <testcase name="inserting_data" time="0.001" classname="testNgPackage.params_Dataprovider"/>
  <system-out/>
</testsuite> <!-- testNgPackage.params_Dataprovider -->
