<?xml version="1.0" encoding="UTF-8"?>
<!-- Generated by org.testng.reporters.JUnitReportReporter -->
<testsuite skipped="0" hostname="LAPTOP-R9GCIVMV" name="testNgPackage.example2Test" tests="4" failures="0" timestamp="2022-09-14T09:17:52 IST" time="0.010" errors="0">
  <testcase name="testcase2" time="0.001" classname="testNgPackage.example2Test"/>
  <system-out/>
  <testcase name="testcase1" time="0.007" classname="testNgPackage.example2Test"/>
  <system-out/>
  <testcase name="testcase3" time="0.001" classname="testNgPackage.example2Test"/>
  <system-out/>
  <testcase name="testcase4" time="0.001" classname="testNgPackage.example2Test"/>
  <system-out/>
</testsuite> <!-- testNgPackage.example2Test -->
