<?xml version="1.0" encoding="UTF-8"?>
<!-- Generated by org.testng.reporters.JUnitReportReporter -->
<testsuite skipped="0" hostname="LAPTOP-R9GCIVMV" name="testNgPackage.example3" tests="3" failures="0" timestamp="2022-09-10T14:02:52 IST" time="0.003" errors="0">
  <testcase name="compose" time="0.001" classname="testNgPackage.example3"/>
  <system-out/>
  <testcase name="login" time="0.001" classname="testNgPackage.example3"/>
  <system-out/>
  <testcase name="signUp" time="0.001" classname="testNgPackage.example3"/>
  <system-out/>
</testsuite> <!-- testNgPackage.example3 -->
