<?xml version="1.0" encoding="UTF-8"?>
<!-- Generated by org.testng.reporters.JUnitReportReporter -->
<testsuite skipped="0" hostname="LAPTOP-R9GCIVMV" name="testNgPackage.depend" tests="2" failures="0" timestamp="2022-09-10T14:02:52 IST" time="13.328" errors="0">
  <testcase name="calculator" time="6.732" classname="testNgPackage.depend"/>
  <system-out/>
  <testcase name="home" time="6.596" classname="testNgPackage.depend"/>
  <system-out/>
</testsuite> <!-- testNgPackage.depend -->
