<?xml version="1.0" encoding="UTF-8"?>
<!-- Generated by org.testng.reporters.JUnitReportReporter -->
<testsuite skipped="0" hostname="LAPTOP-R9GCIVMV" name="extentRepo.example1" tests="2" failures="0" timestamp="2022-09-22T08:30:06 IST" time="10.966" errors="0">
  <testcase name="demo" time="5.688" classname="extentRepo.example1"/>
  <system-out/>
  <testcase name="demo1" time="5.278" classname="extentRepo.example1"/>
  <system-out/>
</testsuite> <!-- extentRepo.example1 -->
