<?xml version="1.0" encoding="UTF-8"?>
<!-- Generated by org.testng.reporters.JUnitReportReporter -->
<testsuite skipped="0" hostname="LAPTOP-R9GCIVMV" name="annotations.example2" tests="2" failures="0" timestamp="2022-09-22T08:27:55 IST" time="0.010" errors="0">
  <testcase name="Operation1" time="0.007" classname="annotations.example2"/>
  <system-out/>
  <testcase name="Operation2" time="0.003" classname="annotations.example2"/>
  <system-out/>
</testsuite> <!-- annotations.example2 -->
