<?xml version="1.0" encoding="UTF-8"?>
<!-- Generated by org.testng.reporters.JUnitReportReporter -->
<testsuite skipped="0" hostname="LAPTOP-R9GCIVMV" name="annotations.bATest" tests="2" failures="0" timestamp="2022-09-22T08:26:52 IST" time="3.503" errors="0">
  <testcase name="newsTab" time="3.431" classname="annotations.bATest"/>
  <system-out/>
  <testcase name="headerSub" time="0.072" classname="annotations.bATest"/>
  <system-out/>
</testsuite> <!-- annotations.bATest -->
