<?xml version="1.0" encoding="UTF-8"?>
<!-- Generated by org.testng.reporters.JUnitReportReporter -->
<testsuite skipped="0" hostname="LAPTOP-R9GCIVMV" name="testNgPackage.example4" tests="3" failures="0" timestamp="2022-09-10T14:02:52 IST" time="0.003" errors="0">
  <testcase name="b_login" time="0.001" classname="testNgPackage.example4"/>
  <system-out/>
  <testcase name="a_signUp" time="0.001" classname="testNgPackage.example4"/>
  <system-out/>
  <testcase name="c_compose" time="0.001" classname="testNgPackage.example4"/>
  <system-out/>
</testsuite> <!-- testNgPackage.example4 -->
