<?xml version="1.0" encoding="UTF-8"?>
<!-- Generated by org.testng.reporters.JUnitReportReporter -->
<testsuite skipped="0" hostname="LAPTOP-R9GCIVMV" name="testNgPackage.NewTest" tests="7" failures="0" timestamp="2022-09-14T12:14:31 IST" time="0.015" errors="0">
  <testcase name="TestCase2" time="0.001" classname="testNgPackage.NewTest"/>
  <system-out/>
  <testcase name="TestCase1" time="0.009" classname="testNgPackage.NewTest"/>
  <system-out/>
  <testcase name="TestCase3" time="0.001" classname="testNgPackage.NewTest"/>
  <system-out/>
  <testcase name="TestCase7" time="0.002" classname="testNgPackage.NewTest"/>
  <system-out/>
  <testcase name="TestCase4" time="0.001" classname="testNgPackage.NewTest"/>
  <system-out/>
  <testcase name="TestCase5" time="0.000" classname="testNgPackage.NewTest"/>
  <system-out/>
  <testcase name="TestCase6" time="0.001" classname="testNgPackage.NewTest"/>
  <system-out/>
</testsuite> <!-- testNgPackage.NewTest -->
