<?xml version="1.0" encoding="UTF-8"?>
<!-- Generated by org.testng.reporters.JUnitReportReporter -->
<testsuite skipped="0" hostname="LAPTOP-R9GCIVMV" name="testNgPackage.parallelExe" tests="2" failures="0" timestamp="2022-09-14T19:04:18 IST" time="10.204" errors="0">
  <testcase name="login" time="5.511" classname="testNgPackage.parallelExe"/>
  <system-out/>
  <testcase name="login" time="4.693" classname="testNgPackage.parallelExe"/>
  <system-out/>
</testsuite> <!-- testNgPackage.parallelExe -->
