<?xml version="1.0" encoding="UTF-8"?>
<!-- Generated by org.testng.reporters.JUnitReportReporter -->
<testsuite skipped="0" hostname="LAPTOP-R9GCIVMV" name="annotations.befMeth_Test_AftMeth" tests="2" failures="0" timestamp="2022-09-22T08:27:25 IST" time="14.025" errors="0">
  <testcase name="calculator" time="7.450" classname="annotations.befMeth_Test_AftMeth"/>
  <system-out/>
  <testcase name="home" time="6.575" classname="annotations.befMeth_Test_AftMeth"/>
  <system-out/>
</testsuite> <!-- annotations.befMeth_Test_AftMeth -->
