<?xml version="1.0" encoding="UTF-8"?>
<!-- Generated by org.testng.reporters.JUnitReportReporter -->
<testsuite skipped="0" hostname="LAPTOP-R9GCIVMV" name="assertMeth.example2" tests="2" failures="0" timestamp="2022-09-12T07:59:17 IST" time="0.007" errors="0">
  <testcase name="Operation2" time="0.002" classname="assertMeth.example2"/>
  <system-out/>
  <testcase name="Operation1" time="0.005" classname="assertMeth.example2"/>
  <system-out/>
</testsuite> <!-- assertMeth.example2 -->
