<?xml version="1.0" encoding="UTF-8"?>
<!-- Generated by org.testng.reporters.JUnitReportReporter -->
<testsuite skipped="0" hostname="LAPTOP-R9GCIVMV" name="testNgPackage.grpTest" tests="3" failures="0" timestamp="2022-09-14T12:48:40 IST" time="0.010" errors="0">
  <testcase name="TestCase4" time="0.001" classname="testNgPackage.grpTest"/>
  <system-out/>
  <testcase name="TestCase1" time="0.008" classname="testNgPackage.grpTest"/>
  <system-out/>
  <testcase name="TestCase3" time="0.001" classname="testNgPackage.grpTest"/>
  <system-out/>
</testsuite> <!-- testNgPackage.grpTest -->
