<?xml version="1.0" encoding="UTF-8"?>
<!-- Generated by org.testng.reporters.JUnitReportReporter -->
<testsuite skipped="0" hostname="LAPTOP-R9GCIVMV" name="annotations.example" tests="4" failures="0" timestamp="2022-09-22T08:27:33 IST" time="0.012" errors="0">
  <testcase name="Operation1" time="0.009" classname="annotations.example"/>
  <system-out/>
  <testcase name="Operation3" time="0.001" classname="annotations.example"/>
  <system-out/>
  <testcase name="Operation4" time="0.001" classname="annotations.example"/>
  <system-out/>
  <testcase name="Operation2" time="0.001" classname="annotations.example"/>
  <system-out/>
</testsuite> <!-- annotations.example -->
