<?xml version="1.0" encoding="UTF-8"?>
<!-- Generated by org.testng.reporters.JUnitReportReporter -->
<testsuite skipped="0" hostname="LAPTOP-R9GCIVMV" name="testNgPackage.befMeth_Test_AftMeth" tests="2" failures="0" timestamp="2022-09-12T11:47:43 IST" time="13.686" errors="0">
  <testcase name="calculator" time="6.907" classname="testNgPackage.befMeth_Test_AftMeth"/>
  <system-out/>
  <testcase name="home" time="6.779" classname="testNgPackage.befMeth_Test_AftMeth"/>
  <system-out/>
</testsuite> <!-- testNgPackage.befMeth_Test_AftMeth -->
